[0m21:52:52.291114 [debug] [MainThread]: Sending event: {'category': 'dbt', 'action': 'invocation', 'label': 'start', 'context': [<snowplow_tracker.self_describing_json.SelfDescribingJson object at 0x000001C97AFFBBC0>, <snowplow_tracker.self_describing_json.SelfDescribingJson object at 0x000001C97D92F2F0>, <snowplow_tracker.self_describing_json.SelfDescribingJson object at 0x000001C97D92F380>]}


============================== 21:52:52.294935 | 5a090c93-bc98-4e63-9ab2-dd44d2e04cc0 ==============================
[0m21:52:52.294935 [info ] [MainThread]: Running with dbt=1.8.4
[0m21:52:52.295441 [debug] [MainThread]: running dbt with arguments {'printer_width': '80', 'indirect_selection': 'eager', 'write_json': 'True', 'log_cache_events': 'False', 'partial_parse': 'True', 'cache_selected_only': 'False', 'warn_error': 'None', 'fail_fast': 'False', 'profiles_dir': 'C:\\Users\\Puddi Puddi\\.dbt', 'log_path': 'logs', 'debug': 'False', 'version_check': 'True', 'use_colors': 'True', 'use_experimental_parser': 'False', 'empty': 'None', 'quiet': 'False', 'no_print': 'None', 'warn_error_options': 'WarnErrorOptions(include=[], exclude=[])', 'introspect': 'True', 'invocation_command': 'dbt init', 'log_format': 'default', 'target_path': 'None', 'static_parser': 'True', 'send_anonymous_usage_stats': 'True'}
[0m21:52:52.313034 [warn ] [MainThread]: [ConfigFolderDirectory]: Unable to parse dict {'dir': WindowsPath('C:/Users/Puddi Puddi/.dbt')}
[0m21:52:52.314040 [info ] [MainThread]: Creating dbt configuration folder at 
[0m21:53:06.131722 [debug] [MainThread]: Starter project path: D:\FUTURE\projects\dbt\.venv\Lib\site-packages\dbt\include\starter_project
[0m21:53:06.143535 [info ] [MainThread]: 
Your new dbt project "dbtpuddi" was created!

For more information on how to configure the profiles.yml file,
please consult the dbt documentation here:

  https://docs.getdbt.com/docs/configure-your-profile

One more thing:

Need help? Don't hesitate to reach out to us via GitHub issues or on Slack:

  https://community.getdbt.com/

Happy modeling!

[0m21:53:06.144058 [info ] [MainThread]: Setting up your profile.
[0m21:58:10.657100 [info ] [MainThread]: Profile dbtpuddi written to C:\Users\Puddi Puddi\.dbt\profiles.yml using target's profile_template.yml and your supplied values. Run 'dbt debug' to validate the connection.
[0m21:58:10.659617 [debug] [MainThread]: Command `dbt init` succeeded at 21:58:10.658610 after 318.47 seconds
[0m21:58:10.659617 [debug] [MainThread]: Sending event: {'category': 'dbt', 'action': 'invocation', 'label': 'end', 'context': [<snowplow_tracker.self_describing_json.SelfDescribingJson object at 0x000001C97D7B63C0>, <snowplow_tracker.self_describing_json.SelfDescribingJson object at 0x000001C97D7DF740>, <snowplow_tracker.self_describing_json.SelfDescribingJson object at 0x000001C97D669760>]}
[0m21:58:10.659617 [debug] [MainThread]: Flushing usage events
[0m21:58:10.667617 [debug] [MainThread]: Error sending anonymous usage statistics. Disabling tracking for this execution. If you wish to permanently disable tracking, see: https://docs.getdbt.com/reference/global-configs#send-anonymous-usage-stats.
[0m21:58:17.292086 [debug] [MainThread]: Sending event: {'category': 'dbt', 'action': 'invocation', 'label': 'start', 'context': [<snowplow_tracker.self_describing_json.SelfDescribingJson object at 0x000001FABE8AF0E0>, <snowplow_tracker.self_describing_json.SelfDescribingJson object at 0x000001FABEE8D2E0>, <snowplow_tracker.self_describing_json.SelfDescribingJson object at 0x000001FABB7D5520>]}


============================== 21:58:17.296216 | b5cebda6-15d0-4b45-9123-5c98332fbacf ==============================
[0m21:58:17.296216 [info ] [MainThread]: Running with dbt=1.8.4
[0m21:58:17.297216 [debug] [MainThread]: running dbt with arguments {'printer_width': '80', 'indirect_selection': 'eager', 'write_json': 'True', 'log_cache_events': 'False', 'partial_parse': 'True', 'cache_selected_only': 'False', 'profiles_dir': 'C:\\Users\\Puddi Puddi\\.dbt', 'debug': 'False', 'warn_error': 'None', 'log_path': 'logs', 'fail_fast': 'False', 'version_check': 'True', 'use_colors': 'True', 'use_experimental_parser': 'False', 'no_print': 'None', 'quiet': 'False', 'empty': 'None', 'log_format': 'default', 'introspect': 'True', 'static_parser': 'True', 'invocation_command': 'dbt debug', 'target_path': 'None', 'warn_error_options': 'WarnErrorOptions(include=[], exclude=[])', 'send_anonymous_usage_stats': 'True'}
[0m21:58:17.312322 [info ] [MainThread]: dbt version: 1.8.4
[0m21:58:17.313322 [info ] [MainThread]: python version: 3.12.4
[0m21:58:17.313322 [info ] [MainThread]: python path: D:\FUTURE\projects\dbt\.venv\Scripts\python.exe
[0m21:58:17.314322 [info ] [MainThread]: os info: Windows-11-10.0.22621-SP0
[0m21:58:17.389504 [info ] [MainThread]: Using profiles dir at C:\Users\Puddi Puddi\.dbt
[0m21:58:17.390504 [info ] [MainThread]: Using profiles.yml file at C:\Users\Puddi Puddi\.dbt\profiles.yml
[0m21:58:17.391502 [info ] [MainThread]: Using dbt_project.yml file at D:\FUTURE\projects\dbt\dbtproj\dbt_project.yml
[0m21:58:17.391502 [info ] [MainThread]: adapter type: postgres
[0m21:58:17.393006 [info ] [MainThread]: adapter version: 1.8.2
[0m21:58:17.393006 [info ] [MainThread]: Configuration:
[0m21:58:17.394012 [info ] [MainThread]:   profiles.yml file [[32mOK found and valid[0m]
[0m21:58:17.394012 [info ] [MainThread]:   dbt_project.yml file [[31mERROR not found[0m]
[0m21:58:17.394012 [info ] [MainThread]: Required dependencies:
[0m21:58:17.395012 [debug] [MainThread]: Executing "git --help"
[0m21:58:17.423478 [debug] [MainThread]: STDOUT: "b"usage: git [-v | --version] [-h | --help] [-C <path>] [-c <name>=<value>]\n           [--exec-path[=<path>]] [--html-path] [--man-path] [--info-path]\n           [-p | --paginate | -P | --no-pager] [--no-replace-objects] [--bare]\n           [--git-dir=<path>] [--work-tree=<path>] [--namespace=<name>]\n           [--config-env=<name>=<envvar>] <command> [<args>]\n\nThese are common Git commands used in various situations:\n\nstart a working area (see also: git help tutorial)\n   clone     Clone a repository into a new directory\n   init      Create an empty Git repository or reinitialize an existing one\n\nwork on the current change (see also: git help everyday)\n   add       Add file contents to the index\n   mv        Move or rename a file, a directory, or a symlink\n   restore   Restore working tree files\n   rm        Remove files from the working tree and from the index\n\nexamine the history and state (see also: git help revisions)\n   bisect    Use binary search to find the commit that introduced a bug\n   diff      Show changes between commits, commit and working tree, etc\n   grep      Print lines matching a pattern\n   log       Show commit logs\n   show      Show various types of objects\n   status    Show the working tree status\n\ngrow, mark and tweak your common history\n   branch    List, create, or delete branches\n   commit    Record changes to the repository\n   merge     Join two or more development histories together\n   rebase    Reapply commits on top of another base tip\n   reset     Reset current HEAD to the specified state\n   switch    Switch branches\n   tag       Create, list, delete or verify a tag object signed with GPG\n\ncollaborate (see also: git help workflows)\n   fetch     Download objects and refs from another repository\n   pull      Fetch from and integrate with another repository or a local branch\n   push      Update remote refs along with associated objects\n\n'git help -a' and 'git help -g' list available subcommands and some\nconcept guides. See 'git help <command>' or 'git help <concept>'\nto read about a specific subcommand or concept.\nSee 'git help git' for an overview of the system.\n""
[0m21:58:17.423478 [debug] [MainThread]: STDERR: "b''"
[0m21:58:17.424477 [info ] [MainThread]:  - git [[32mOK found[0m]

[0m21:58:17.424477 [info ] [MainThread]: Connection:
[0m21:58:17.425479 [info ] [MainThread]:   host: localhost
[0m21:58:17.425479 [info ] [MainThread]:   port: 5432
[0m21:58:17.426477 [info ] [MainThread]:   user: devdbt
[0m21:58:17.426477 [info ] [MainThread]:   database: dbt
[0m21:58:17.427477 [info ] [MainThread]:   schema: dbt
[0m21:58:17.428480 [info ] [MainThread]:   connect_timeout: 10
[0m21:58:17.428480 [info ] [MainThread]:   role: None
[0m21:58:17.428480 [info ] [MainThread]:   search_path: None
[0m21:58:17.429638 [info ] [MainThread]:   keepalives_idle: 0
[0m21:58:17.429638 [info ] [MainThread]:   sslmode: None
[0m21:58:17.430642 [info ] [MainThread]:   sslcert: None
[0m21:58:17.430642 [info ] [MainThread]:   sslkey: None
[0m21:58:17.431642 [info ] [MainThread]:   sslrootcert: None
[0m21:58:17.431642 [info ] [MainThread]:   application_name: dbt
[0m21:58:17.432640 [info ] [MainThread]:   retries: 1
[0m21:58:17.433640 [info ] [MainThread]: Registered adapter: postgres=1.8.2
[0m21:58:17.433640 [debug] [MainThread]: Acquiring new postgres connection 'debug'
[0m21:58:17.522755 [debug] [MainThread]: Using postgres connection "debug"
[0m21:58:17.522755 [debug] [MainThread]: On debug: select 1 as id
[0m21:58:17.522755 [debug] [MainThread]: Opening a new connection, currently in state init
[0m21:58:17.539552 [debug] [MainThread]: SQL status: SELECT 1 in 0.016 seconds
[0m21:58:17.540551 [debug] [MainThread]: On debug: Close
[0m21:58:17.540551 [info ] [MainThread]:   Connection test: [[32mOK connection ok[0m]

[0m21:58:17.541555 [info ] [MainThread]: [31m1 check failed:[0m
[0m21:58:17.542554 [info ] [MainThread]: Project loading failed for the following reason:
 project path <D:\FUTURE\projects\dbt\dbtproj\dbt_project.yml> not found

[0m21:58:17.543550 [debug] [MainThread]: Command `dbt debug` failed at 21:58:17.543550 after 0.36 seconds
[0m21:58:17.543550 [debug] [MainThread]: Connection 'debug' was properly closed.
[0m21:58:17.544551 [debug] [MainThread]: Sending event: {'category': 'dbt', 'action': 'invocation', 'label': 'end', 'context': [<snowplow_tracker.self_describing_json.SelfDescribingJson object at 0x000001FABF1BA3C0>, <snowplow_tracker.self_describing_json.SelfDescribingJson object at 0x000001FABF43B710>, <snowplow_tracker.self_describing_json.SelfDescribingJson object at 0x000001FABEDE03E0>]}
[0m21:58:17.544551 [debug] [MainThread]: Flushing usage events
[0m21:58:17.548893 [debug] [MainThread]: Error sending anonymous usage statistics. Disabling tracking for this execution. If you wish to permanently disable tracking, see: https://docs.getdbt.com/reference/global-configs#send-anonymous-usage-stats.
